
/home/runner/work/exp-lsb-technique-au/exp-lsb-technique-au/experiment/simulation/js/index-B_P0IuYV.js
     58:7   warning  'global' is not defined                                                          no-undef
    149:30  warning  Do not access Object.prototype method 'hasOwnProperty' from target object        no-prototype-builtins
    362:14  warning  Do not access Object.prototype method 'hasOwnProperty' from target object        no-prototype-builtins
    498:39  warning  Do not access Object.prototype method 'hasOwnProperty' from target object        no-prototype-builtins
    590:38  warning  'setImmediate' is not defined                                                    no-undef
    851:5   warning  Unexpected combined character in character class                                 no-misleading-character-class
    948:12  warning  Unnecessary escape character: \-                                                 no-useless-escape
    984:16  warning  Do not access Object.prototype method 'hasOwnProperty' from target object        no-prototype-builtins
   1118:11  warning  Expected a conditional expression and instead saw an assignment                  no-cond-assign
   1183:17  warning  Empty block statement                                                            no-empty
   1267:8   warning  Do not access Object.prototype method 'hasOwnProperty' from target object        no-prototype-builtins
   1360:5   warning  Do not access Object.prototype method 'hasOwnProperty' from target object        no-prototype-builtins
   1362:9   warning  Do not access Object.prototype method 'hasOwnProperty' from target object        no-prototype-builtins
   1368:9   warning  Do not access Object.prototype method 'hasOwnProperty' from target object        no-prototype-builtins
   1368:38  warning  Do not access Object.prototype method 'hasOwnProperty' from target object        no-prototype-builtins
   1398:15  warning  Do not access Object.prototype method 'hasOwnProperty' from target object        no-prototype-builtins
   1467:34  warning  'MSApp' is not defined                                                           no-undef
   1469:11  warning  'MSApp' is not defined                                                           no-undef
   1553:51  warning  Do not access Object.prototype method 'hasOwnProperty' from target object        no-prototype-builtins
   1560:11  warning  Do not access Object.prototype method 'hasOwnProperty' from target object        no-prototype-builtins
   1699:7   warning  Expected to return a value in method 'get'                                       getter-return
   1708:22  warning  's' is defined but never used                                                    no-unused-vars
   1708:25  warning  'tt' is defined but never used                                                   no-unused-vars
   1708:29  warning  'nt' is defined but never used                                                   no-unused-vars
   1708:33  warning  'ot' is defined but never used                                                   no-unused-vars
   1708:37  warning  'st' is defined but never used                                                   no-unused-vars
   1708:41  warning  'ft' is defined but never used                                                   no-unused-vars
   1725:13  warning  'i' is defined but never used                                                    no-unused-vars
   1725:16  warning  'a' is defined but never used                                                    no-unused-vars
   1725:19  warning  'o' is defined but never used                                                    no-unused-vars
   1725:22  warning  's' is defined but never used                                                    no-unused-vars
   1725:25  warning  'tt' is defined but never used                                                   no-unused-vars
   1725:29  warning  'nt' is defined but never used                                                   no-unused-vars
   1725:33  warning  'ot' is defined but never used                                                   no-unused-vars
   1725:37  warning  'st' is defined but never used                                                   no-unused-vars
   1725:41  warning  'ft' is defined but never used                                                   no-unused-vars
   1728:13  warning  'i' is defined but never used                                                    no-unused-vars
   1728:16  warning  'a' is defined but never used                                                    no-unused-vars
   1728:19  warning  'o' is defined but never used                                                    no-unused-vars
   1728:22  warning  's' is defined but never used                                                    no-unused-vars
   1728:25  warning  'tt' is defined but never used                                                   no-unused-vars
   1728:29  warning  'nt' is defined but never used                                                   no-unused-vars
   1728:33  warning  'ot' is defined but never used                                                   no-unused-vars
   1728:37  warning  'st' is defined but never used                                                   no-unused-vars
   1728:41  warning  'ft' is defined but never used                                                   no-unused-vars
   1849:13  warning  Empty block statement                                                            no-empty
   2385:9   warning  Do not access Object.prototype method 'hasOwnProperty' from target object        no-prototype-builtins
   2406:39  warning  Invalid typeof comparison value                                                  valid-typeof
   2414:40  warning  Invalid typeof comparison value                                                  valid-typeof
   2549:56  warning  Expected a conditional expression and instead saw an assignment                  no-cond-assign
   2967:22  warning  Do not access Object.prototype method 'hasOwnProperty' from target object        no-prototype-builtins
   3152:11  warning  Expected a 'break' statement before 'case'                                       no-fallthrough
   3168:11  warning  Expected a 'break' statement before 'case'                                       no-fallthrough
   3262:18  warning  Expected a conditional expression and instead saw an assignment                  no-cond-assign
   3362:9   warning  Expected a 'break' statement before 'case'                                       no-fallthrough
   3452:8   warning  Unexpected control character(s) in regular expression: \x00                      no-control-regex
   4429:13  warning  Expected a 'break' statement before 'case'                                       no-fallthrough
   4466:14  warning  Unexpected constant condition                                                    no-constant-condition
   4506:12  warning  Expected a conditional expression and instead saw an assignment                  no-cond-assign
   4958:15  warning  Empty block statement                                                            no-empty
   4959:17  warning  Empty block statement                                                            no-empty
   5170:13  warning  Expected a conditional expression and instead saw an assignment                  no-cond-assign
   5223:16  warning  Expected a conditional expression and instead saw an assignment                  no-cond-assign
   5520:12  warning  Expected a conditional expression and instead saw an assignment                  no-cond-assign
   5565:10  warning  Expected a conditional expression and instead saw an assignment                  no-cond-assign
   6032:14  warning  Do not access Object.prototype method 'hasOwnProperty' from target object        no-prototype-builtins
   6032:39  warning  Do not access Object.prototype method 'hasOwnProperty' from target object        no-prototype-builtins
   6035:29  warning  Do not access Object.prototype method 'hasOwnProperty' from target object        no-prototype-builtins
   6042:17  warning  Do not access Object.prototype method 'hasOwnProperty' from target object        no-prototype-builtins
   6049:11  warning  Do not access Object.prototype method 'hasOwnProperty' from target object        no-prototype-builtins
   6054:19  warning  Do not access Object.prototype method 'hasOwnProperty' from target object        no-prototype-builtins
   6055:27  warning  Do not access Object.prototype method 'hasOwnProperty' from target object        no-prototype-builtins
   6058:18  warning  Do not access Object.prototype method 'hasOwnProperty' from target object        no-prototype-builtins
   6072:19  warning  Do not access Object.prototype method 'hasOwnProperty' from target object        no-prototype-builtins
   6210:20  warning  Do not access Object.prototype method 'hasOwnProperty' from target object        no-prototype-builtins
   6223:22  warning  Do not access Object.prototype method 'hasOwnProperty' from target object        no-prototype-builtins
   6308:22  warning  Do not access Object.prototype method 'hasOwnProperty' from target object        no-prototype-builtins
   6321:25  warning  Do not access Object.prototype method 'hasOwnProperty' from target object        no-prototype-builtins
   6840:13  warning  Empty block statement                                                            no-empty
   6844:5   warning  Expected a 'break' statement before 'case'                                       no-fallthrough
   7159:42  warning  Do not access Object.prototype method 'hasOwnProperty' from target object        no-prototype-builtins
   7240:16  warning  'a' is defined but never used                                                    no-unused-vars
   7240:19  warning  'o' is defined but never used                                                    no-unused-vars
   7243:16  warning  'a' is defined but never used                                                    no-unused-vars
   7243:19  warning  'o' is defined but never used                                                    no-unused-vars
   7559:12  warning  Unexpected constant condition                                                    no-constant-condition
   7912:12  warning  Unexpected constant condition                                                    no-constant-condition
   7934:10  warning  Unexpected constant condition                                                    no-constant-condition
   8164:19  warning  Empty block statement                                                            no-empty
   8989:1   warning  'Gb' is a function                                                               no-func-assign
   8990:1   warning  'Hb' is a function                                                               no-func-assign
   9025:12  warning  '__REACT_DEVTOOLS_GLOBAL_HOOK__' is not defined                                  no-undef
   9029:13  warning  Empty block statement                                                            no-empty
   9126:14  warning  '__REACT_DEVTOOLS_GLOBAL_HOOK__' is not defined                                  no-undef
   9130:7   warning  '__REACT_DEVTOOLS_GLOBAL_HOOK__' is not defined                                  no-undef
   9258:32  warning  'a' is defined but never used                                                    no-unused-vars
   9450:6   warning  '_extends' is a function                                                         no-func-assign
   9465:6   warning  '_typeof' is a function                                                          no-func-assign
   9509:26  warning  'a' is defined but never used                                                    no-unused-vars
   9510:20  warning  'i' is defined but never used                                                    no-unused-vars
   9510:23  warning  'a' is defined but never used                                                    no-unused-vars
   9511:15  warning  'i' is defined but never used                                                    no-unused-vars
   9511:18  warning  'a' is defined but never used                                                    no-unused-vars
   9782:38  warning  Do not access Object.prototype method 'propertyIsEnumerable' from target object  no-prototype-builtins
   9799:22  warning  Do not access Object.prototype method 'propertyIsEnumerable' from target object  no-prototype-builtins
   9887:35  warning  'global' is not defined                                                          no-undef
   9888:9   warning  'global' is not defined                                                          no-undef
  10298:6   warning  '_setPrototypeOf' is a function                                                  no-func-assign
  10317:6   warning  '_getPrototypeOf' is a function                                                  no-func-assign
  10330:11  warning  Empty block statement                                                            no-empty
  10331:11  warning  '_isNativeReflectConstruct' is a function                                        no-func-assign
  10608:11  warning  Unsafe usage of ReturnStatement                                                  no-unsafe-finally
  10610:17  warning  Unsafe usage of ThrowStatement                                                   no-unsafe-finally
  10643:5   warning  Expected a 'break' statement before 'case'                                       no-fallthrough
  10645:5   warning  Expected a 'break' statement before 'case'                                       no-fallthrough
  11714:7   warning  Expected a 'break' statement before 'case'                                       no-fallthrough
  11744:7   warning  Expected a 'break' statement before 'case'                                       no-fallthrough
  11751:11  warning  Expected a 'break' statement before 'case'                                       no-fallthrough
  11770:11  warning  Expected a 'break' statement before 'default'                                    no-fallthrough
  11835:7   warning  Expected a 'break' statement before 'default'                                    no-fallthrough
  11903:5   warning  Expected a 'break' statement before 'case'                                       no-fallthrough
  11967:26  warning  Unnecessary escape character: \:                                                 no-useless-escape
  12687:55  warning  's' is assigned a value but never used                                           no-unused-vars
  15026:22  warning  's' is already defined                                                           no-redeclare
  15193:22  warning  's' is already defined                                                           no-redeclare
  15297:7   warning  'textEllipsis' is assigned a value but never used                                no-unused-vars
  16122:27  warning  'i' is defined but never used                                                    no-unused-vars
  16283:22  warning  's' is already defined                                                           no-redeclare
  18090:22  warning  's' is already defined                                                           no-redeclare
  18158:22  warning  's' is already defined                                                           no-redeclare
  18347:3   warning  '_regeneratorRuntime' is a function                                              no-func-assign
  18377:5   warning  'ht' is a function                                                               no-func-assign
  18781:9   warning  Empty block statement                                                            no-empty
  18802:24  warning  'i' is defined but never used                                                    no-unused-vars
  18807:6   warning  '_modernUnmount' is a function                                                   no-func-assign
  18834:18  warning  'i' is defined but never used                                                    no-unused-vars
  18839:6   warning  '_unmount' is a function                                                         no-func-assign
  18852:15  warning  Expected a 'break' statement before 'case'                                       no-fallthrough
  18875:3   warning  'initCollapseMotion' is assigned a value but never used                          no-unused-vars
  19196:22  warning  's' is already defined                                                           no-redeclare
  19432:13  warning  's' is assigned a value but never used                                           no-unused-vars
  20709:22  warning  's' is already defined                                                           no-redeclare
  20965:20  warning  'a' is defined but never used                                                    no-unused-vars
  21116:21  warning  'i' is defined but never used                                                    no-unused-vars
  21329:6   warning  '_wrapNativeSuper' is a function                                                 no-func-assign
  21395:11  warning  Unreachable code                                                                 no-unreachable
  21552:13  warning  Do not access Object.prototype method 'hasOwnProperty' from target object        no-prototype-builtins
  21614:11  warning  Do not access Object.prototype method 'hasOwnProperty' from target object        no-prototype-builtins
  21710:17  warning  Unnecessary escape character: \[                                                 no-useless-escape
  21710:42  warning  Unnecessary escape character: \[                                                 no-useless-escape
  21802:45  warning  Do not access Object.prototype method 'hasOwnProperty' from target object        no-prototype-builtins
  21811:45  warning  Do not access Object.prototype method 'hasOwnProperty' from target object        no-prototype-builtins
  21822:45  warning  Do not access Object.prototype method 'hasOwnProperty' from target object        no-prototype-builtins
  21832:45  warning  Do not access Object.prototype method 'hasOwnProperty' from target object        no-prototype-builtins
  21847:45  warning  Do not access Object.prototype method 'hasOwnProperty' from target object        no-prototype-builtins
  21857:45  warning  Do not access Object.prototype method 'hasOwnProperty' from target object        no-prototype-builtins
  21868:45  warning  Do not access Object.prototype method 'hasOwnProperty' from target object        no-prototype-builtins
  21879:45  warning  Do not access Object.prototype method 'hasOwnProperty' from target object        no-prototype-builtins
  21889:45  warning  Do not access Object.prototype method 'hasOwnProperty' from target object        no-prototype-builtins
  21901:45  warning  Do not access Object.prototype method 'hasOwnProperty' from target object        no-prototype-builtins
  21911:45  warning  Do not access Object.prototype method 'hasOwnProperty' from target object        no-prototype-builtins
  21921:45  warning  Do not access Object.prototype method 'hasOwnProperty' from target object        no-prototype-builtins
  21936:45  warning  Do not access Object.prototype method 'hasOwnProperty' from target object        no-prototype-builtins
  21951:45  warning  Do not access Object.prototype method 'hasOwnProperty' from target object        no-prototype-builtins
  22218:27  warning  Do not access Object.prototype method 'hasOwnProperty' from target object        no-prototype-builtins
  22307:23  warning  'i' is defined but never used                                                    no-unused-vars
  22307:26  warning  'a' is defined but never used                                                    no-unused-vars
  22307:29  warning  'o' is defined but never used                                                    no-unused-vars
  22307:32  warning  's' is defined but never used                                                    no-unused-vars
  22307:35  warning  'tt' is defined but never used                                                   no-unused-vars
  22312:6   warning  '_validateRule' is a function                                                    no-func-assign
  22372:17  warning  Expected a 'break' statement before 'case'                                       no-fallthrough
  22502:19  warning  Expected a 'break' statement before 'case'                                       no-fallthrough
  22523:19  warning  Expected a 'break' statement before 'case'                                       no-fallthrough
  22530:26  warning  'St' is defined but never used                                                   no-unused-vars
  22530:30  warning  'vt' is defined but never used                                                   no-unused-vars
  22554:28  warning  'i' is defined but never used                                                    no-unused-vars
  22559:6   warning  '_finishOnAllFailed' is a function                                               no-func-assign
  22583:30  warning  'i' is defined but never used                                                    no-unused-vars
  22588:6   warning  '_finishOnFirstFailed' is a function                                             no-func-assign
  24892:23  warning  Unnecessary escape character: \%                                                 no-useless-escape
  24981:13  warning  'ga' is assigned a value but never used                                          no-unused-vars
  24982:11  warning  'xa' is assigned a value but never used                                          no-unused-vars
  25251:13  warning  'St' is assigned a value but never used                                          no-unused-vars
  26134:30  warning  'o' is defined but never used                                                    no-unused-vars
  26564:22  warning  's' is already defined                                                           no-redeclare
  27812:22  warning  's' is already defined                                                           no-redeclare
  28539:22  warning  's' is already defined                                                           no-redeclare
  28757:22  warning  's' is already defined                                                           no-redeclare
  28813:22  warning  's' is already defined                                                           no-redeclare
  29046:24  warning  's' is already defined                                                           no-redeclare
  29139:22  warning  's' is already defined                                                           no-redeclare
  29459:17  warning  Empty block statement                                                            no-empty
  29781:24  warning  's' is already defined                                                           no-redeclare
  30429:20  warning  'a' is defined but never used                                                    no-unused-vars
  30528:40  warning  'o' is defined but never used                                                    no-unused-vars
  30970:25  warning  's' is assigned a value but never used                                           no-unused-vars
  30971:28  warning  'tt' is assigned a value but never used                                          no-unused-vars
  30972:29  warning  'nt' is assigned a value but never used                                          no-unused-vars
  31399:29  warning  'a' is defined but never used                                                    no-unused-vars
  31402:33  warning  'a' is defined but never used                                                    no-unused-vars
  31411:20  warning  'i' is defined but never used                                                    no-unused-vars
  31411:23  warning  'a' is defined but never used                                                    no-unused-vars
  31428:5   warning  'updateDropSteps' is assigned a value but never used                             no-unused-vars
  31435:5   warning  'updateBlobImageArr' is assigned a value but never used                          no-unused-vars
  31436:5   warning  'updateShowImage' is assigned a value but never used                             no-unused-vars
  31441:5   warning  'updateIsCompile' is assigned a value but never used                             no-unused-vars
  31604:16  warning  '_typeof$6' is a function                                                        no-func-assign
  31607:16  warning  '_typeof$6' is a function                                                        no-func-assign
  31869:16  warning  '_typeof$5' is a function                                                        no-func-assign
  31872:16  warning  '_typeof$5' is a function                                                        no-func-assign
  32246:33  warning  Empty block statement                                                            no-empty
  32626:16  warning  '_typeof$4' is a function                                                        no-func-assign
  32629:16  warning  '_typeof$4' is a function                                                        no-func-assign
  33176:19  warning  Empty block statement                                                            no-empty
  35716:16  warning  '_typeof$3' is a function                                                        no-func-assign
  35719:16  warning  '_typeof$3' is a function                                                        no-func-assign
  35825:38  warning  Unnecessary escape character: \?                                                 no-useless-escape
  35832:19  warning  Empty block statement                                                            no-empty
  40612:29  warning  'st' is defined but never used                                                   no-unused-vars
  44914:16  warning  '_typeof$2' is a function                                                        no-func-assign
  44917:16  warning  '_typeof$2' is a function                                                        no-func-assign
  44938:11  warning  'St' is defined but never used                                                   no-unused-vars
  45012:23  warning  Empty block statement                                                            no-empty
  45043:16  warning  '_typeof$1' is a function                                                        no-func-assign
  45046:16  warning  '_typeof$1' is a function                                                        no-func-assign
  46801:16  warning  '_typeof' is a function                                                          no-func-assign
  46804:16  warning  '_typeof' is a function                                                          no-func-assign
  48138:11  warning  Unsafe usage of ReturnStatement                                                  no-unsafe-finally
  48140:17  warning  Unsafe usage of ThrowStatement                                                   no-unsafe-finally
  50970:32  warning  'ht' is defined but never used                                                   no-unused-vars
  51196:8   warning  'xt' is assigned a value but never used                                          no-unused-vars
  51991:22  warning  'o' is assigned a value but never used                                           no-unused-vars
  52484:41  warning  'SuppressedError' is not defined                                                 no-undef
  52509:11  warning  Expected a conditional expression and instead saw an assignment                  no-cond-assign
  52725:7   warning  Expected a 'break' statement before 'case'                                       no-fallthrough
  52751:7   warning  Expected a 'break' statement before 'case'                                       no-fallthrough
  52758:11  warning  Expected a 'break' statement before 'case'                                       no-fallthrough
  52771:11  warning  Expected a 'break' statement before 'default'                                    no-fallthrough
  52836:7   warning  Expected a 'break' statement before 'default'                                    no-fallthrough
  52944:5   warning  Expected a 'break' statement before 'case'                                       no-fallthrough
  53081:11  warning  Expected a 'break' statement before 'case'                                       no-fallthrough
  53157:5   warning  Expected a 'break' statement before 'case'                                       no-fallthrough
  53296:7   warning  'SC_DISABLE_SPEEDY' is not defined                                               no-undef
  53556:17  warning  Empty block statement                                                            no-empty
  53571:16  warning  'a' is defined but never used                                                    no-unused-vars
  53588:28  warning  's' is already defined                                                           no-redeclare
  53711:43  warning  '__webpack_nonce__' is not defined                                               no-undef
  53790:16  warning  'a' is defined but never used                                                    no-unused-vars
  53934:13  warning  'i' is defined but never used                                                    no-unused-vars
  54051:9   warning  Do not access Object.prototype method 'hasOwnProperty' from target object        no-prototype-builtins
  55034:44  warning  'Et' is defined but never used                                                   no-unused-vars
  55146:20  warning  'tt' is assigned a value but never used                                          no-unused-vars
  55852:46  warning  'a' is assigned a value but never used                                           no-unused-vars

/home/runner/work/exp-lsb-technique-au/exp-lsb-technique-au/experiment/simulation/js/index-DstVZiYY.js
     58:7   warning  'global' is not defined                                                    no-undef
    149:30  warning  Do not access Object.prototype method 'hasOwnProperty' from target object  no-prototype-builtins
    362:14  warning  Do not access Object.prototype method 'hasOwnProperty' from target object  no-prototype-builtins
    498:39  warning  Do not access Object.prototype method 'hasOwnProperty' from target object  no-prototype-builtins
    590:38  warning  'setImmediate' is not defined                                              no-undef
    851:5   warning  Unexpected combined character in character class                           no-misleading-character-class
    948:12  warning  Unnecessary escape character: \-                                           no-useless-escape
    984:16  warning  Do not access Object.prototype method 'hasOwnProperty' from target object  no-prototype-builtins
   1118:11  warning  Expected a conditional expression and instead saw an assignment            no-cond-assign
   1183:17  warning  Empty block statement                                                      no-empty
   1267:8   warning  Do not access Object.prototype method 'hasOwnProperty' from target object  no-prototype-builtins
   1360:5   warning  Do not access Object.prototype method 'hasOwnProperty' from target object  no-prototype-builtins
   1362:9   warning  Do not access Object.prototype method 'hasOwnProperty' from target object  no-prototype-builtins
   1368:9   warning  Do not access Object.prototype method 'hasOwnProperty' from target object  no-prototype-builtins
   1368:38  warning  Do not access Object.prototype method 'hasOwnProperty' from target object  no-prototype-builtins
   1398:15  warning  Do not access Object.prototype method 'hasOwnProperty' from target object  no-prototype-builtins
   1467:34  warning  'MSApp' is not defined                                                     no-undef
   1469:11  warning  'MSApp' is not defined                                                     no-undef
   1553:51  warning  Do not access Object.prototype method 'hasOwnProperty' from target object  no-prototype-builtins
   1560:11  warning  Do not access Object.prototype method 'hasOwnProperty' from target object  no-prototype-builtins
   1699:7   warning  Expected to return a value in method 'get'                                 getter-return
   1708:22  warning  's' is defined but never used                                              no-unused-vars
   1708:25  warning  'et' is defined but never used                                             no-unused-vars
   1708:29  warning  'tt' is defined but never used                                             no-unused-vars
   1708:33  warning  'rt' is defined but never used                                             no-unused-vars
   1708:37  warning  'nt' is defined but never used                                             no-unused-vars
   1708:41  warning  'dt' is defined but never used                                             no-unused-vars
   1725:13  warning  'i' is defined but never used                                              no-unused-vars
   1725:16  warning  'a' is defined but never used                                              no-unused-vars
   1725:19  warning  'o' is defined but never used                                              no-unused-vars
   1725:22  warning  's' is defined but never used                                              no-unused-vars
   1725:25  warning  'et' is defined but never used                                             no-unused-vars
   1725:29  warning  'tt' is defined but never used                                             no-unused-vars
   1725:33  warning  'rt' is defined but never used                                             no-unused-vars
   1725:37  warning  'nt' is defined but never used                                             no-unused-vars
   1725:41  warning  'dt' is defined but never used                                             no-unused-vars
   1728:13  warning  'i' is defined but never used                                              no-unused-vars
   1728:16  warning  'a' is defined but never used                                              no-unused-vars
   1728:19  warning  'o' is defined but never used                                              no-unused-vars
   1728:22  warning  's' is defined but never used                                              no-unused-vars
   1728:25  warning  'et' is defined but never used                                             no-unused-vars
   1728:29  warning  'tt' is defined but never used                                             no-unused-vars
   1728:33  warning  'rt' is defined but never used                                             no-unused-vars
   1728:37  warning  'nt' is defined but never used                                             no-unused-vars
   1728:41  warning  'dt' is defined but never used                                             no-unused-vars
   1849:13  warning  Empty block statement                                                      no-empty
   2385:9   warning  Do not access Object.prototype method 'hasOwnProperty' from target object  no-prototype-builtins
   2406:39  warning  Invalid typeof comparison value                                            valid-typeof
   2414:40  warning  Invalid typeof comparison value                                            valid-typeof
   2549:56  warning  Expected a conditional expression and instead saw an assignment            no-cond-assign
   2967:22  warning  Do not access Object.prototype method 'hasOwnProperty' from target object  no-prototype-builtins
   3152:11  warning  Expected a 'break' statement before 'case'                                 no-fallthrough
   3168:11  warning  Expected a 'break' statement before 'case'                                 no-fallthrough
   3262:18  warning  Expected a conditional expression and instead saw an assignment            no-cond-assign
   3362:9   warning  Expected a 'break' statement before 'case'                                 no-fallthrough
   3452:8   warning  Unexpected control character(s) in regular expression: \x00                no-control-regex
   4429:13  warning  Expected a 'break' statement before 'case'                                 no-fallthrough
   4466:14  warning  Unexpected constant condition                                              no-constant-condition
   4506:12  warning  Expected a conditional expression and instead saw an assignment            no-cond-assign
   4958:15  warning  Empty block statement                                                      no-empty
   4959:17  warning  Empty block statement                                                      no-empty
   5170:13  warning  Expected a conditional expression and instead saw an assignment            no-cond-assign
   5223:16  warning  Expected a conditional expression and instead saw an assignment            no-cond-assign
   5520:12  warning  Expected a conditional expression and instead saw an assignment            no-cond-assign
   5565:10  warning  Expected a conditional expression and instead saw an assignment            no-cond-assign
   6032:14  warning  Do not access Object.prototype method 'hasOwnProperty' from target object  no-prototype-builtins
   6032:39  warning  Do not access Object.prototype method 'hasOwnProperty' from target object  no-prototype-builtins
   6035:29  warning  Do not access Object.prototype method 'hasOwnProperty' from target object  no-prototype-builtins
   6042:17  warning  Do not access Object.prototype method 'hasOwnProperty' from target object  no-prototype-builtins
   6049:11  warning  Do not access Object.prototype method 'hasOwnProperty' from target object  no-prototype-builtins
   6054:19  warning  Do not access Object.prototype method 'hasOwnProperty' from target object  no-prototype-builtins
   6055:27  warning  Do not access Object.prototype method 'hasOwnProperty' from target object  no-prototype-builtins
   6058:18  warning  Do not access Object.prototype method 'hasOwnProperty' from target object  no-prototype-builtins
   6072:19  warning  Do not access Object.prototype method 'hasOwnProperty' from target object  no-prototype-builtins
   6210:20  warning  Do not access Object.prototype method 'hasOwnProperty' from target object  no-prototype-builtins
   6223:22  warning  Do not access Object.prototype method 'hasOwnProperty' from target object  no-prototype-builtins
   6308:22  warning  Do not access Object.prototype method 'hasOwnProperty' from target object  no-prototype-builtins
   6321:25  warning  Do not access Object.prototype method 'hasOwnProperty' from target object  no-prototype-builtins
   6840:13  warning  Empty block statement                                                      no-empty
   6844:5   warning  Expected a 'break' statement before 'case'                                 no-fallthrough
   7159:42  warning  Do not access Object.prototype method 'hasOwnProperty' from target object  no-prototype-builtins
   7240:16  warning  'a' is defined but never used                                              no-unused-vars
   7240:19  warning  'o' is defined but never used                                              no-unused-vars
   7243:16  warning  'a' is defined but never used                                              no-unused-vars
   7243:19  warning  'o' is defined but never used                                              no-unused-vars
   7559:12  warning  Unexpected constant condition                                              no-constant-condition
   7912:12  warning  Unexpected constant condition                                              no-constant-condition
   7934:10  warning  Unexpected constant condition                                              no-constant-condition
   8164:19  warning  Empty block statement                                                      no-empty
   8992:1   warning  'Gb' is a function                                                         no-func-assign
   8993:1   warning  'Hb' is a function                                                         no-func-assign
   9028:12  warning  '__REACT_DEVTOOLS_GLOBAL_HOOK__' is not defined                            no-undef
   9032:13  warning  Empty block statement                                                      no-empty
   9129:14  warning  '__REACT_DEVTOOLS_GLOBAL_HOOK__' is not defined                            no-undef
   9133:7   warning  '__REACT_DEVTOOLS_GLOBAL_HOOK__' is not defined                            no-undef
   9257:34  warning  'xt' is assigned a value but never used                                    no-unused-vars
   9319:32  warning  'a' is defined but never used                                              no-unused-vars
   9464:6   warning  '_extends' is a function                                                   no-func-assign
   9626:26  warning  'a' is defined but never used                                              no-unused-vars
   9627:20  warning  'i' is defined but never used                                              no-unused-vars
   9627:23  warning  'a' is defined but never used                                              no-unused-vars
   9628:15  warning  'i' is defined but never used                                              no-unused-vars
   9628:18  warning  'a' is defined but never used                                              no-unused-vars
   9647:6   warning  '_typeof' is a function                                                    no-func-assign
   9878:35  warning  'global' is not defined                                                    no-undef
   9879:9   warning  'global' is not defined                                                    no-undef
  10289:6   warning  '_setPrototypeOf' is a function                                            no-func-assign
  10308:6   warning  '_getPrototypeOf' is a function                                            no-func-assign
  10321:11  warning  Empty block statement                                                      no-empty
  10322:11  warning  '_isNativeReflectConstruct' is a function                                  no-func-assign
  10599:11  warning  Unsafe usage of ReturnStatement                                            no-unsafe-finally
  10601:17  warning  Unsafe usage of ThrowStatement                                             no-unsafe-finally
  10634:5   warning  Expected a 'break' statement before 'case'                                 no-fallthrough
  10636:5   warning  Expected a 'break' statement before 'case'                                 no-fallthrough
  11515:11  warning  Expected a conditional expression and instead saw an assignment            no-cond-assign
  11731:7   warning  Expected a 'break' statement before 'case'                                 no-fallthrough
  11757:7   warning  Expected a 'break' statement before 'case'                                 no-fallthrough
  11764:11  warning  Expected a 'break' statement before 'case'                                 no-fallthrough
  11777:11  warning  Expected a 'break' statement before 'default'                              no-fallthrough
  11842:7   warning  Expected a 'break' statement before 'default'                              no-fallthrough
  11950:5   warning  Expected a 'break' statement before 'case'                                 no-fallthrough
  12087:11  warning  Expected a 'break' statement before 'case'                                 no-fallthrough
  12163:5   warning  Expected a 'break' statement before 'case'                                 no-fallthrough
  12290:26  warning  Unnecessary escape character: \:                                           no-useless-escape
  12996:55  warning  's' is assigned a value but never used                                     no-unused-vars
  14400:22  warning  's' is already defined                                                     no-redeclare
  14567:22  warning  's' is already defined                                                     no-redeclare
  15986:27  warning  'i' is defined but never used                                              no-unused-vars
  16144:22  warning  's' is already defined                                                     no-redeclare
  17903:22  warning  's' is already defined                                                     no-redeclare
  17971:22  warning  's' is already defined                                                     no-redeclare
  18160:3   warning  '_regeneratorRuntime' is a function                                        no-func-assign
  18190:5   warning  'ht' is a function                                                         no-func-assign
  18594:9   warning  Empty block statement                                                      no-empty
  18615:24  warning  'i' is defined but never used                                              no-unused-vars
  18620:6   warning  '_modernUnmount' is a function                                             no-func-assign
  18647:18  warning  'i' is defined but never used                                              no-unused-vars
  18652:6   warning  '_unmount' is a function                                                   no-func-assign
  18665:15  warning  Expected a 'break' statement before 'case'                                 no-fallthrough
  18971:22  warning  's' is already defined                                                     no-redeclare
  19795:22  warning  's' is already defined                                                     no-redeclare
  20017:20  warning  'a' is defined but never used                                              no-unused-vars
  20168:21  warning  'i' is defined but never used                                              no-unused-vars
  20381:6   warning  '_wrapNativeSuper' is a function                                           no-func-assign
  20409:5   warning  'define_process_env_default$1' is assigned a value but never used          no-unused-vars
  20449:11  warning  Unreachable code                                                           no-unreachable
  20606:13  warning  Do not access Object.prototype method 'hasOwnProperty' from target object  no-prototype-builtins
  20668:11  warning  Do not access Object.prototype method 'hasOwnProperty' from target object  no-prototype-builtins
  20764:17  warning  Unnecessary escape character: \[                                           no-useless-escape
  20764:42  warning  Unnecessary escape character: \[                                           no-useless-escape
  20856:45  warning  Do not access Object.prototype method 'hasOwnProperty' from target object  no-prototype-builtins
  20865:45  warning  Do not access Object.prototype method 'hasOwnProperty' from target object  no-prototype-builtins
  20876:45  warning  Do not access Object.prototype method 'hasOwnProperty' from target object  no-prototype-builtins
  20886:45  warning  Do not access Object.prototype method 'hasOwnProperty' from target object  no-prototype-builtins
  20901:45  warning  Do not access Object.prototype method 'hasOwnProperty' from target object  no-prototype-builtins
  20911:45  warning  Do not access Object.prototype method 'hasOwnProperty' from target object  no-prototype-builtins
  20922:45  warning  Do not access Object.prototype method 'hasOwnProperty' from target object  no-prototype-builtins
  20933:45  warning  Do not access Object.prototype method 'hasOwnProperty' from target object  no-prototype-builtins
  20943:45  warning  Do not access Object.prototype method 'hasOwnProperty' from target object  no-prototype-builtins
  20955:45  warning  Do not access Object.prototype method 'hasOwnProperty' from target object  no-prototype-builtins
  20965:45  warning  Do not access Object.prototype method 'hasOwnProperty' from target object  no-prototype-builtins
  20975:45  warning  Do not access Object.prototype method 'hasOwnProperty' from target object  no-prototype-builtins
  20990:45  warning  Do not access Object.prototype method 'hasOwnProperty' from target object  no-prototype-builtins
  21005:45  warning  Do not access Object.prototype method 'hasOwnProperty' from target object  no-prototype-builtins
  21272:27  warning  Do not access Object.prototype method 'hasOwnProperty' from target object  no-prototype-builtins
  21360:23  warning  'i' is defined but never used                                              no-unused-vars
  21360:26  warning  'a' is defined but never used                                              no-unused-vars
  21360:29  warning  'o' is defined but never used                                              no-unused-vars
  21360:32  warning  's' is defined but never used                                              no-unused-vars
  21360:35  warning  'et' is defined but never used                                             no-unused-vars
  21365:6   warning  '_validateRule' is a function                                              no-func-assign
  21425:17  warning  Expected a 'break' statement before 'case'                                 no-fallthrough
  21555:19  warning  Expected a 'break' statement before 'case'                                 no-fallthrough
  21576:19  warning  Expected a 'break' statement before 'case'                                 no-fallthrough
  21583:26  warning  'xt' is defined but never used                                             no-unused-vars
  21583:30  warning  'gt' is defined but never used                                             no-unused-vars
  21607:28  warning  'i' is defined but never used                                              no-unused-vars
  21612:6   warning  '_finishOnAllFailed' is a function                                         no-func-assign
  21636:30  warning  'i' is defined but never used                                              no-unused-vars
  21641:6   warning  '_finishOnFirstFailed' is a function                                       no-func-assign
  24036:23  warning  Unnecessary escape character: \%                                           no-useless-escape
  24125:13  warning  '_i' is assigned a value but never used                                    no-unused-vars
  24126:11  warning  'na' is assigned a value but never used                                    no-unused-vars
  24387:13  warning  'xt' is assigned a value but never used                                    no-unused-vars
  25243:30  warning  'o' is defined but never used                                              no-unused-vars
  25653:22  warning  's' is already defined                                                     no-redeclare
  26867:22  warning  's' is already defined                                                     no-redeclare
  27574:22  warning  's' is already defined                                                     no-redeclare
  27805:22  warning  's' is already defined                                                     no-redeclare
  27857:22  warning  's' is already defined                                                     no-redeclare
  28075:24  warning  's' is already defined                                                     no-redeclare
  28170:22  warning  's' is already defined                                                     no-redeclare
  28491:17  warning  Empty block statement                                                      no-empty
  28805:24  warning  's' is already defined                                                     no-redeclare
  29453:20  warning  'a' is defined but never used                                              no-unused-vars
  29552:40  warning  'o' is defined but never used                                              no-unused-vars
  30052:26  warning  'bt' is assigned a value but never used                                    no-unused-vars
  30185:25  warning  's' is assigned a value but never used                                     no-unused-vars
  30186:28  warning  'et' is assigned a value but never used                                    no-unused-vars
  30187:29  warning  'tt' is assigned a value but never used                                    no-unused-vars
  30564:26  warning  'a' is defined but never used                                              no-unused-vars
  30670:29  warning  'a' is defined but never used                                              no-unused-vars
  30673:33  warning  'a' is defined but never used                                              no-unused-vars
  30682:20  warning  'i' is defined but never used                                              no-unused-vars
  30682:23  warning  'a' is defined but never used                                              no-unused-vars
  30699:5   warning  'updateDropSteps' is assigned a value but never used                       no-unused-vars
  30706:5   warning  'updateBlobImageArr' is assigned a value but never used                    no-unused-vars
  30707:5   warning  'updateShowImage' is assigned a value but never used                       no-unused-vars
  30712:5   warning  'updateIsCompile' is assigned a value but never used                       no-unused-vars
  30875:16  warning  '_typeof$6' is a function                                                  no-func-assign
  30878:16  warning  '_typeof$6' is a function                                                  no-func-assign
  31140:16  warning  '_typeof$5' is a function                                                  no-func-assign
  31143:16  warning  '_typeof$5' is a function                                                  no-func-assign
  31517:33  warning  Empty block statement                                                      no-empty
  31897:16  warning  '_typeof$4' is a function                                                  no-func-assign
  31900:16  warning  '_typeof$4' is a function                                                  no-func-assign
  32447:19  warning  Empty block statement                                                      no-empty
  34987:16  warning  '_typeof$3' is a function                                                  no-func-assign
  34990:16  warning  '_typeof$3' is a function                                                  no-func-assign
  35096:38  warning  Unnecessary escape character: \?                                           no-useless-escape
  35103:19  warning  Empty block statement                                                      no-empty
  39883:29  warning  'nt' is defined but never used                                             no-unused-vars
  44185:16  warning  '_typeof$2' is a function                                                  no-func-assign
  44188:16  warning  '_typeof$2' is a function                                                  no-func-assign
  44209:11  warning  'xt' is defined but never used                                             no-unused-vars
  44283:23  warning  Empty block statement                                                      no-empty
  44314:16  warning  '_typeof$1' is a function                                                  no-func-assign
  44317:16  warning  '_typeof$1' is a function                                                  no-func-assign
  46072:16  warning  '_typeof' is a function                                                    no-func-assign
  46075:16  warning  '_typeof' is a function                                                    no-func-assign
  47409:11  warning  Unsafe usage of ReturnStatement                                            no-unsafe-finally
  47411:17  warning  Unsafe usage of ThrowStatement                                             no-unsafe-finally
  50241:32  warning  'ht' is defined but never used                                             no-unused-vars
  50467:8   warning  'yt' is assigned a value but never used                                    no-unused-vars
  51262:22  warning  'o' is assigned a value but never used                                     no-unused-vars
  51755:41  warning  'SuppressedError' is not defined                                           no-undef
  51818:7   warning  'SC_DISABLE_SPEEDY' is not defined                                         no-undef
  52078:17  warning  Empty block statement                                                      no-empty
  52093:16  warning  'a' is defined but never used                                              no-unused-vars
  52110:28  warning  's' is already defined                                                     no-redeclare
  52221:43  warning  '__webpack_nonce__' is not defined                                         no-undef
  52300:16  warning  'a' is defined but never used                                              no-unused-vars
  52455:13  warning  'i' is defined but never used                                              no-unused-vars
  52572:9   warning  Do not access Object.prototype method 'hasOwnProperty' from target object  no-prototype-builtins
  53555:44  warning  'Et' is defined but never used                                             no-unused-vars
  53667:20  warning  'et' is assigned a value but never used                                    no-unused-vars
  54373:46  warning  'a' is assigned a value but never used                                     no-unused-vars

✖ 501 problems (0 errors, 501 warnings)

